<?xml version="1.0" encoding="UTF-8"?>
<testsuite xmlns:xsi="http://www.w3.org/2001/XMLSchema-instance" xsi:noNamespaceSchemaLocation="https://maven.apache.org/surefire/maven-surefire-plugin/xsd/surefire-test-report-3.0.xsd" version="3.0" name="TestSuite" time="17.184" tests="6" errors="0" skipped="0" failures="1">
  <properties>
[...]
</properties>
  <testcase name="all_list_users" classname="lab_6.ApiTests" time="4.213"/>
  <testcase name="get_user_ID" classname="lab_6.ApiTests" time="1.928"/>
  <testcase name="list_name_user" classname="lab_6.ApiTests" time="1.664"/>
  <testcase name="put_user_ID" classname="lab_6.ApiTests" time="2.167"/>
  <testcase name="test_create_new_user" classname="lab_6.ApiTests" time="2.277">
    <failure message="1 expectation failed.&#10;JSON path result.first_name doesn&apos;t match.&#10;Expected: Severus&#10;  Actual: [null]&#10;" type="java.lang.AssertionError"><![CDATA[java.lang.AssertionError: 
1 expectation failed.
JSON path result.first_name doesn't match.
Expected: Severus
  Actual: [null]

	at lab_6.ApiTests.test_create_new_user(ApiTests.java:77)
]]></failure>
    <system-out><![CDATA[Тест 3
Cоздать нового пользователя.
Request method:	POST
Request URI:	https://gorest.co.in/public-api/users
Proxy:			<none>
Request params:	<none>
Query params:	<none>
Form params:	<none>
Path params:	<none>
Headers:		Accept=*/*
				Content-Type=application/json; charset=UTF-8
Cookies:		<none>
Multiparts:		<none>
Body:
{
    "first_name": "Severus",
    "last_name": "Snape",
    "gender": "male",
    "email": "Snappy@gmail.com",
    "phone": "+7 (900) 696-99-66"
}
HTTP/1.1 200 OK
Server: nginx
Date: Tue, 02 Jun 2020 20:04:46 GMT
Content-Type: application/json; charset=UTF-8
Transfer-Encoding: chunked
Connection: keep-alive
Vary: Accept-Encoding
Vary: Accept
X-Rate-Limit-Limit: 30
X-Rate-Limit-Remaining: 29
X-Rate-Limit-Reset: 2
Set-Cookie: _csrf=cdaac594b1bc002d159bd30853902f617333dcff514d1d5c2aa19ea2baddb5f7a%3A2%3A%7Bi%3A0%3Bs%3A5%3A%22_csrf%22%3Bi%3A1%3Bs%3A32%3A%22Hi8CnGhPk0nXkPiS-TW1vM469b8ADUiP%22%3B%7D; path=/; HttpOnly
X-Frame-Options: sameorigin
Content-Encoding: gzip

{
    "_meta": {
        "success": false,
        "code": 422,
        "message": "Data validation failed. Please check the response body for detailed error messages.",
        "rateLimit": {
            "limit": 30,
            "remaining": 29,
            "reset": 2
        }
    },
    "result": [
        {
            "field": "email",
            "message": "Email \"Snappy@gmail.com\" has already been taken."
        }
    ]
}
]]></system-out>
  </testcase>
  <testcase name="test_delete_ID" classname="lab_6.ApiTests" time="1.43"/>
</testsuite>